<?xml version="1.0" encoding="UTF-8"?>
<testsuite name="com.kiviabrito.employeedirectory.ui.main.MainViewModelTest" tests="6" skipped="0" failures="0" errors="0" timestamp="2021-03-02T02:39:47" hostname="Kivias-MBP.lan" time="0.158">
  <properties/>
  <testcase name="get empty list, set success empty employees" classname="com.kiviabrito.employeedirectory.ui.main.MainViewModelTest" time="0.153"/>
  <testcase name="get error list, set error msg" classname="com.kiviabrito.employeedirectory.ui.main.MainViewModelTest" time="0.002"/>
  <testcase name="handle data state success, set success empty employees" classname="com.kiviabrito.employeedirectory.ui.main.MainViewModelTest" time="0.0"/>
  <testcase name="get default list, set success employees" classname="com.kiviabrito.employeedirectory.ui.main.MainViewModelTest" time="0.0"/>
  <testcase name="handle data state success empty, set success empty employees" classname="com.kiviabrito.employeedirectory.ui.main.MainViewModelTest" time="0.0"/>
  <testcase name="handle data state error, set error msg" classname="com.kiviabrito.employeedirectory.ui.main.MainViewModelTest" time="0.0"/>
  <system-out><![CDATA[]]></system-out>
  <system-err><![CDATA[]]></system-err>
</testsuite>
